18:33:10.674 INFO  utils.DriverFactory -Getting the etrading login page
18:33:10.690 INFO  pageobjects.Login_Page -Navigating to login page
18:33:18.326 INFO  utils.DriverFactory -Entering the username
18:33:18.370 INFO  pageobjects.Login_Page -WebElement is visible using locator: <[[ChromeDriver: chrome on XP (a09f856ee22e645b2a8d0b5e114090a2)] -> id: username]>
18:33:18.485 INFO  pageobjects.Login_Page -Successfully Sent the following keys: 'sarith' to element: <[[ChromeDriver: chrome on XP (a09f856ee22e645b2a8d0b5e114090a2)] -> id: username]>
18:33:18.485 INFO  utils.DriverFactory -Entering the password
18:33:18.518 INFO  pageobjects.Login_Page -WebElement is visible using locator: <[[ChromeDriver: chrome on XP (a09f856ee22e645b2a8d0b5e114090a2)] -> id: password]>
18:33:18.663 INFO  pageobjects.Login_Page -Successfully Sent the following keys: 'password' to element: <[[ChromeDriver: chrome on XP (a09f856ee22e645b2a8d0b5e114090a2)] -> id: password]>
18:33:18.664 INFO  utils.DriverFactory -Clicking on the login button
18:33:18.769 INFO  pageobjects.Login_Page -Successfully clicked on the WebElement: <[[ChromeDriver: chrome on XP (a09f856ee22e645b2a8d0b5e114090a2)] -> xpath: //div[@id='root']//button]>
18:33:26.779 INFO  pageobjects.Login_Page -
18:33:26.904 INFO  pageobjects.Login_Page -Successfully clicked on the WebElement: <[[ChromeDriver: chrome on XP (a09f856ee22e645b2a8d0b5e114090a2)] -> xpath: //span[normalize-space()='New Order']]>
18:33:27.074 INFO  pageobjects.Login_Page -Successfully clicked on the WebElement: <[[ChromeDriver: chrome on XP (a09f856ee22e645b2a8d0b5e114090a2)] -> xpath: //li[normalize-space()='Stock']]>
18:33:27.186 INFO  pageobjects.Login_Page -Successfully clicked on the WebElement: <[[ChromeDriver: chrome on XP (a09f856ee22e645b2a8d0b5e114090a2)] -> xpath: //*[@id="traderId"]]>
18:33:27.852 INFO  pageobjects.Login_Page -Successfully clicked on the WebElement: <[[ChromeDriver: chrome on XP (a09f856ee22e645b2a8d0b5e114090a2)] -> xpath: //li[normalize-space()='John Overdeck']]>
18:33:30.953 INFO  pageobjects.Login_Page -Successfully clicked on the WebElement: <[[ChromeDriver: chrome on XP (a09f856ee22e645b2a8d0b5e114090a2)] -> xpath: //*[@id="instrumentId"]]>
18:33:31.066 INFO  pageobjects.Login_Page -Successfully clicked on the WebElement: <[[ChromeDriver: chrome on XP (a09f856ee22e645b2a8d0b5e114090a2)] -> xpath: //li[normalize-space()='IBM']]>
18:33:31.098 INFO  pageobjects.Login_Page -WebElement is visible using locator: <[[ChromeDriver: chrome on XP (a09f856ee22e645b2a8d0b5e114090a2)] -> id: quantity]>
18:33:31.212 INFO  pageobjects.Login_Page -Successfully Sent the following keys: '7078' to element: <[[ChromeDriver: chrome on XP (a09f856ee22e645b2a8d0b5e114090a2)] -> id: quantity]>
18:33:31.302 ERROR pageobjects.Login_Page -Unable to wait and click on WebElement, Exception: unknown error: Element <div class="MuiInputBase-root MuiInput-root MuiInput-underline jss5 MuiInputBase-formControl MuiInput-formControl">...</div> is not clickable at point (1048, 336). Other element would receive the click: <div role="presentation" class="MuiPopover-root" id="menu-" style="position: fixed; z-index: 1300; inset: 0px;">...</div>
  (Session info: chrome=88.0.4324.104)
  (Driver info: chromedriver=2.38.552522 (437e6fbedfa8762dec75e2c5b3ddb86763dc9dcb),platform=Windows NT 10.0.19041 x86_64) (WARNING: The server did not provide any stacktrace information)
Command duration or timeout: 0 milliseconds
Build info: version: '3.11.0', revision: 'e59cfb3', time: '2018-03-11T20:26:55.152Z'
System info: host: 'LAPTOP-HPHDFIQM', ip: '192.168.56.1', os.name: 'Windows 10', os.arch: 'amd64', os.version: '10.0', java.version: '13.0.1'
Driver info: org.openqa.selenium.chrome.ChromeDriver
Capabilities {acceptInsecureCerts: false, acceptSslCerts: false, applicationCacheEnabled: false, browserConnectionEnabled: false, browserName: chrome, chrome: {chromedriverVersion: 2.38.552522 (437e6fbedfa876..., userDataDir: C:\Users\charm\AppData\Loca...}, cssSelectorsEnabled: true, databaseEnabled: false, handlesAlerts: true, hasTouchScreen: false, javascriptEnabled: true, locationContextEnabled: true, mobileEmulationEnabled: false, nativeEvents: true, networkConnectionEnabled: false, pageLoadStrategy: normal, platform: XP, platformName: XP, rotatable: false, setWindowRect: true, takesHeapSnapshot: true, takesScreenshot: true, unexpectedAlertBehaviour: , unhandledPromptBehavior: , version: 88.0.4324.104, webStorageEnabled: true}
Session ID: a09f856ee22e645b2a8d0b5e114090a2
18:35:41.137 INFO  utils.DriverFactory -Getting the etrading login page
18:35:41.140 INFO  pageobjects.Login_Page -Navigating to login page
18:35:48.907 INFO  utils.DriverFactory -Entering the username
18:35:48.946 INFO  pageobjects.Login_Page -WebElement is visible using locator: <[[ChromeDriver: chrome on XP (33f0f9d645daf0b600b13b20dcd9697c)] -> id: username]>
18:35:49.059 INFO  pageobjects.Login_Page -Successfully Sent the following keys: 'sarith' to element: <[[ChromeDriver: chrome on XP (33f0f9d645daf0b600b13b20dcd9697c)] -> id: username]>
18:35:49.060 INFO  utils.DriverFactory -Entering the password
18:35:49.093 INFO  pageobjects.Login_Page -WebElement is visible using locator: <[[ChromeDriver: chrome on XP (33f0f9d645daf0b600b13b20dcd9697c)] -> id: password]>
18:35:49.219 INFO  pageobjects.Login_Page -Successfully Sent the following keys: 'password' to element: <[[ChromeDriver: chrome on XP (33f0f9d645daf0b600b13b20dcd9697c)] -> id: password]>
18:35:49.219 INFO  utils.DriverFactory -Clicking on the login button
18:35:49.321 INFO  pageobjects.Login_Page -Successfully clicked on the WebElement: <[[ChromeDriver: chrome on XP (33f0f9d645daf0b600b13b20dcd9697c)] -> xpath: //div[@id='root']//button]>
18:35:57.339 INFO  pageobjects.Login_Page -
18:35:57.458 INFO  pageobjects.Login_Page -Successfully clicked on the WebElement: <[[ChromeDriver: chrome on XP (33f0f9d645daf0b600b13b20dcd9697c)] -> xpath: //span[normalize-space()='New Order']]>
18:35:57.621 INFO  pageobjects.Login_Page -Successfully clicked on the WebElement: <[[ChromeDriver: chrome on XP (33f0f9d645daf0b600b13b20dcd9697c)] -> xpath: //li[normalize-space()='Stock']]>
18:35:57.752 INFO  pageobjects.Login_Page -Successfully clicked on the WebElement: <[[ChromeDriver: chrome on XP (33f0f9d645daf0b600b13b20dcd9697c)] -> xpath: //*[@id="traderId"]]>
18:35:58.413 INFO  pageobjects.Login_Page -Successfully clicked on the WebElement: <[[ChromeDriver: chrome on XP (33f0f9d645daf0b600b13b20dcd9697c)] -> xpath: //li[normalize-space()='John Overdeck']]>
18:36:01.551 INFO  pageobjects.Login_Page -Successfully clicked on the WebElement: <[[ChromeDriver: chrome on XP (33f0f9d645daf0b600b13b20dcd9697c)] -> xpath: //*[@id="instrumentId"]]>
18:36:01.686 INFO  pageobjects.Login_Page -Successfully clicked on the WebElement: <[[ChromeDriver: chrome on XP (33f0f9d645daf0b600b13b20dcd9697c)] -> xpath: //li[normalize-space()='IBM']]>
18:36:01.718 INFO  pageobjects.Login_Page -WebElement is visible using locator: <[[ChromeDriver: chrome on XP (33f0f9d645daf0b600b13b20dcd9697c)] -> id: quantity]>
18:36:01.830 INFO  pageobjects.Login_Page -Successfully Sent the following keys: '7078' to element: <[[ChromeDriver: chrome on XP (33f0f9d645daf0b600b13b20dcd9697c)] -> id: quantity]>
18:36:01.921 ERROR pageobjects.Login_Page -Unable to wait and click on WebElement, Exception: unknown error: Element <svg class="MuiSvgIcon-root MuiSelect-icon" focusable="false" viewBox="0 0 24 24" aria-hidden="true">...</svg> is not clickable at point (1056, 336). Other element would receive the click: <div role="presentation" class="MuiPopover-root" id="menu-" style="position: fixed; z-index: 1300; inset: 0px;">...</div>
  (Session info: chrome=88.0.4324.104)
  (Driver info: chromedriver=2.38.552522 (437e6fbedfa8762dec75e2c5b3ddb86763dc9dcb),platform=Windows NT 10.0.19041 x86_64) (WARNING: The server did not provide any stacktrace information)
Command duration or timeout: 0 milliseconds
Build info: version: '3.11.0', revision: 'e59cfb3', time: '2018-03-11T20:26:55.152Z'
System info: host: 'LAPTOP-HPHDFIQM', ip: '192.168.56.1', os.name: 'Windows 10', os.arch: 'amd64', os.version: '10.0', java.version: '13.0.1'
Driver info: org.openqa.selenium.chrome.ChromeDriver
Capabilities {acceptInsecureCerts: false, acceptSslCerts: false, applicationCacheEnabled: false, browserConnectionEnabled: false, browserName: chrome, chrome: {chromedriverVersion: 2.38.552522 (437e6fbedfa876..., userDataDir: C:\Users\charm\AppData\Loca...}, cssSelectorsEnabled: true, databaseEnabled: false, handlesAlerts: true, hasTouchScreen: false, javascriptEnabled: true, locationContextEnabled: true, mobileEmulationEnabled: false, nativeEvents: true, networkConnectionEnabled: false, pageLoadStrategy: normal, platform: XP, platformName: XP, rotatable: false, setWindowRect: true, takesHeapSnapshot: true, takesScreenshot: true, unexpectedAlertBehaviour: , unhandledPromptBehavior: , version: 88.0.4324.104, webStorageEnabled: true}
Session ID: 33f0f9d645daf0b600b13b20dcd9697c
18:38:44.839 INFO  utils.DriverFactory -Getting the etrading login page
18:38:44.845 INFO  pageobjects.Login_Page -Navigating to login page
18:38:52.056 INFO  utils.DriverFactory -Entering the username
18:38:52.092 INFO  pageobjects.Login_Page -WebElement is visible using locator: <[[ChromeDriver: chrome on XP (73b71f721d5b1b1a237d428eb022f8c7)] -> id: username]>
18:38:52.202 INFO  pageobjects.Login_Page -Successfully Sent the following keys: 'sarith' to element: <[[ChromeDriver: chrome on XP (73b71f721d5b1b1a237d428eb022f8c7)] -> id: username]>
18:38:52.203 INFO  utils.DriverFactory -Entering the password
18:38:52.235 INFO  pageobjects.Login_Page -WebElement is visible using locator: <[[ChromeDriver: chrome on XP (73b71f721d5b1b1a237d428eb022f8c7)] -> id: password]>
18:38:52.354 INFO  pageobjects.Login_Page -Successfully Sent the following keys: 'password' to element: <[[ChromeDriver: chrome on XP (73b71f721d5b1b1a237d428eb022f8c7)] -> id: password]>
18:38:52.355 INFO  utils.DriverFactory -Clicking on the login button
18:38:52.452 INFO  pageobjects.Login_Page -Successfully clicked on the WebElement: <[[ChromeDriver: chrome on XP (73b71f721d5b1b1a237d428eb022f8c7)] -> xpath: //div[@id='root']//button]>
18:39:00.462 INFO  pageobjects.Login_Page -
18:39:00.569 INFO  pageobjects.Login_Page -Successfully clicked on the WebElement: <[[ChromeDriver: chrome on XP (73b71f721d5b1b1a237d428eb022f8c7)] -> xpath: //span[normalize-space()='New Order']]>
18:39:00.740 INFO  pageobjects.Login_Page -Successfully clicked on the WebElement: <[[ChromeDriver: chrome on XP (73b71f721d5b1b1a237d428eb022f8c7)] -> xpath: //li[normalize-space()='Stock']]>
18:39:00.881 INFO  pageobjects.Login_Page -Successfully clicked on the WebElement: <[[ChromeDriver: chrome on XP (73b71f721d5b1b1a237d428eb022f8c7)] -> xpath: //*[@id="traderId"]]>
18:39:01.027 INFO  pageobjects.Login_Page -Successfully clicked on the WebElement: <[[ChromeDriver: chrome on XP (73b71f721d5b1b1a237d428eb022f8c7)] -> xpath: //li[normalize-space()='John Overdeck']]>
18:39:04.152 INFO  pageobjects.Login_Page -Successfully clicked on the WebElement: <[[ChromeDriver: chrome on XP (73b71f721d5b1b1a237d428eb022f8c7)] -> xpath: //*[@id="instrumentId"]]>
18:39:04.268 INFO  pageobjects.Login_Page -Successfully clicked on the WebElement: <[[ChromeDriver: chrome on XP (73b71f721d5b1b1a237d428eb022f8c7)] -> xpath: //li[normalize-space()='IBM']]>
18:39:04.300 INFO  pageobjects.Login_Page -WebElement is visible using locator: <[[ChromeDriver: chrome on XP (73b71f721d5b1b1a237d428eb022f8c7)] -> id: quantity]>
18:39:04.417 INFO  pageobjects.Login_Page -Successfully Sent the following keys: '7078' to element: <[[ChromeDriver: chrome on XP (73b71f721d5b1b1a237d428eb022f8c7)] -> id: quantity]>
18:39:04.503 ERROR pageobjects.Login_Page -Unable to wait and click on WebElement, Exception: unknown error: Element <svg class="MuiSvgIcon-root MuiSelect-icon" focusable="false" viewBox="0 0 24 24" aria-hidden="true">...</svg> is not clickable at point (1056, 336). Other element would receive the click: <div role="presentation" class="MuiPopover-root" id="menu-" style="position: fixed; z-index: 1300; inset: 0px;">...</div>
  (Session info: chrome=88.0.4324.104)
  (Driver info: chromedriver=2.38.552522 (437e6fbedfa8762dec75e2c5b3ddb86763dc9dcb),platform=Windows NT 10.0.19041 x86_64) (WARNING: The server did not provide any stacktrace information)
Command duration or timeout: 0 milliseconds
Build info: version: '3.11.0', revision: 'e59cfb3', time: '2018-03-11T20:26:55.152Z'
System info: host: 'LAPTOP-HPHDFIQM', ip: '192.168.56.1', os.name: 'Windows 10', os.arch: 'amd64', os.version: '10.0', java.version: '13.0.1'
Driver info: org.openqa.selenium.chrome.ChromeDriver
Capabilities {acceptInsecureCerts: false, acceptSslCerts: false, applicationCacheEnabled: false, browserConnectionEnabled: false, browserName: chrome, chrome: {chromedriverVersion: 2.38.552522 (437e6fbedfa876..., userDataDir: C:\Users\charm\AppData\Loca...}, cssSelectorsEnabled: true, databaseEnabled: false, handlesAlerts: true, hasTouchScreen: false, javascriptEnabled: true, locationContextEnabled: true, mobileEmulationEnabled: false, nativeEvents: true, networkConnectionEnabled: false, pageLoadStrategy: normal, platform: XP, platformName: XP, rotatable: false, setWindowRect: true, takesHeapSnapshot: true, takesScreenshot: true, unexpectedAlertBehaviour: , unhandledPromptBehavior: , version: 88.0.4324.104, webStorageEnabled: true}
Session ID: 73b71f721d5b1b1a237d428eb022f8c7
18:39:48.292 INFO  utils.DriverFactory -Getting the etrading login page
18:39:48.296 INFO  pageobjects.Login_Page -Navigating to login page
18:39:55.646 INFO  utils.DriverFactory -Entering the username
18:39:55.699 INFO  pageobjects.Login_Page -WebElement is visible using locator: <[[ChromeDriver: chrome on XP (99732e9389c81e7ed03c0c63b4c086bc)] -> id: username]>
18:39:55.816 INFO  pageobjects.Login_Page -Successfully Sent the following keys: 'sarith' to element: <[[ChromeDriver: chrome on XP (99732e9389c81e7ed03c0c63b4c086bc)] -> id: username]>
18:39:55.817 INFO  utils.DriverFactory -Entering the password
18:39:55.848 INFO  pageobjects.Login_Page -WebElement is visible using locator: <[[ChromeDriver: chrome on XP (99732e9389c81e7ed03c0c63b4c086bc)] -> id: password]>
18:39:55.958 INFO  pageobjects.Login_Page -Successfully Sent the following keys: 'password' to element: <[[ChromeDriver: chrome on XP (99732e9389c81e7ed03c0c63b4c086bc)] -> id: password]>
18:39:55.959 INFO  utils.DriverFactory -Clicking on the login button
18:39:56.059 INFO  pageobjects.Login_Page -Successfully clicked on the WebElement: <[[ChromeDriver: chrome on XP (99732e9389c81e7ed03c0c63b4c086bc)] -> xpath: //div[@id='root']//button]>
18:40:04.085 INFO  pageobjects.Login_Page -
18:40:04.215 INFO  pageobjects.Login_Page -Successfully clicked on the WebElement: <[[ChromeDriver: chrome on XP (99732e9389c81e7ed03c0c63b4c086bc)] -> xpath: //span[normalize-space()='New Order']]>
18:40:04.388 INFO  pageobjects.Login_Page -Successfully clicked on the WebElement: <[[ChromeDriver: chrome on XP (99732e9389c81e7ed03c0c63b4c086bc)] -> xpath: //li[normalize-space()='Stock']]>
18:40:04.524 INFO  pageobjects.Login_Page -Successfully clicked on the WebElement: <[[ChromeDriver: chrome on XP (99732e9389c81e7ed03c0c63b4c086bc)] -> xpath: //*[@id="traderId"]]>
18:40:04.683 INFO  pageobjects.Login_Page -Successfully clicked on the WebElement: <[[ChromeDriver: chrome on XP (99732e9389c81e7ed03c0c63b4c086bc)] -> xpath: //li[normalize-space()='John Overdeck']]>
18:40:07.797 INFO  pageobjects.Login_Page -Successfully clicked on the WebElement: <[[ChromeDriver: chrome on XP (99732e9389c81e7ed03c0c63b4c086bc)] -> xpath: //*[@id="instrumentId"]]>
18:40:07.905 INFO  pageobjects.Login_Page -Successfully clicked on the WebElement: <[[ChromeDriver: chrome on XP (99732e9389c81e7ed03c0c63b4c086bc)] -> xpath: //li[normalize-space()='IBM']]>
18:40:07.937 INFO  pageobjects.Login_Page -WebElement is visible using locator: <[[ChromeDriver: chrome on XP (99732e9389c81e7ed03c0c63b4c086bc)] -> id: quantity]>
18:40:08.065 INFO  pageobjects.Login_Page -Successfully Sent the following keys: '7078' to element: <[[ChromeDriver: chrome on XP (99732e9389c81e7ed03c0c63b4c086bc)] -> id: quantity]>
18:40:11.182 ERROR pageobjects.Login_Page -Unable to wait and click on WebElement, Exception: unknown error: Element <svg class="MuiSvgIcon-root MuiSelect-icon" focusable="false" viewBox="0 0 24 24" aria-hidden="true">...</svg> is not clickable at point (1056, 336). Other element would receive the click: <div class="MuiSelect-root MuiSelect-select MuiSelect-selectMenu MuiInputBase-input MuiInput-input" tabindex="0" role="button" aria-haspopup="listbox" aria-labelledby="buySellLabel">...</div>
  (Session info: chrome=88.0.4324.104)
  (Driver info: chromedriver=2.38.552522 (437e6fbedfa8762dec75e2c5b3ddb86763dc9dcb),platform=Windows NT 10.0.19041 x86_64) (WARNING: The server did not provide any stacktrace information)
Command duration or timeout: 0 milliseconds
Build info: version: '3.11.0', revision: 'e59cfb3', time: '2018-03-11T20:26:55.152Z'
System info: host: 'LAPTOP-HPHDFIQM', ip: '192.168.56.1', os.name: 'Windows 10', os.arch: 'amd64', os.version: '10.0', java.version: '13.0.1'
Driver info: org.openqa.selenium.chrome.ChromeDriver
Capabilities {acceptInsecureCerts: false, acceptSslCerts: false, applicationCacheEnabled: false, browserConnectionEnabled: false, browserName: chrome, chrome: {chromedriverVersion: 2.38.552522 (437e6fbedfa876..., userDataDir: C:\Users\charm\AppData\Loca...}, cssSelectorsEnabled: true, databaseEnabled: false, handlesAlerts: true, hasTouchScreen: false, javascriptEnabled: true, locationContextEnabled: true, mobileEmulationEnabled: false, nativeEvents: true, networkConnectionEnabled: false, pageLoadStrategy: normal, platform: XP, platformName: XP, rotatable: false, setWindowRect: true, takesHeapSnapshot: true, takesScreenshot: true, unexpectedAlertBehaviour: , unhandledPromptBehavior: , version: 88.0.4324.104, webStorageEnabled: true}
Session ID: 99732e9389c81e7ed03c0c63b4c086bc
18:42:08.350 INFO  utils.DriverFactory -Getting the etrading login page
18:42:08.355 INFO  pageobjects.Login_Page -Navigating to login page
18:42:16.817 INFO  utils.DriverFactory -Entering the username
18:42:16.860 INFO  pageobjects.Login_Page -WebElement is visible using locator: <[[ChromeDriver: chrome on XP (80228b6251ab649010d1df63a7bb074e)] -> id: username]>
18:42:16.969 INFO  pageobjects.Login_Page -Successfully Sent the following keys: 'sarith' to element: <[[ChromeDriver: chrome on XP (80228b6251ab649010d1df63a7bb074e)] -> id: username]>
18:42:16.970 INFO  utils.DriverFactory -Entering the password
18:42:17.002 INFO  pageobjects.Login_Page -WebElement is visible using locator: <[[ChromeDriver: chrome on XP (80228b6251ab649010d1df63a7bb074e)] -> id: password]>
18:42:17.120 INFO  pageobjects.Login_Page -Successfully Sent the following keys: 'password' to element: <[[ChromeDriver: chrome on XP (80228b6251ab649010d1df63a7bb074e)] -> id: password]>
18:42:17.121 INFO  utils.DriverFactory -Clicking on the login button
18:42:17.230 INFO  pageobjects.Login_Page -Successfully clicked on the WebElement: <[[ChromeDriver: chrome on XP (80228b6251ab649010d1df63a7bb074e)] -> xpath: //div[@id='root']//button]>
18:42:25.249 INFO  pageobjects.Login_Page -
18:42:25.383 INFO  pageobjects.Login_Page -Successfully clicked on the WebElement: <[[ChromeDriver: chrome on XP (80228b6251ab649010d1df63a7bb074e)] -> xpath: //span[normalize-space()='New Order']]>
18:42:25.560 INFO  pageobjects.Login_Page -Successfully clicked on the WebElement: <[[ChromeDriver: chrome on XP (80228b6251ab649010d1df63a7bb074e)] -> xpath: //li[normalize-space()='Stock']]>
18:42:25.678 INFO  pageobjects.Login_Page -Successfully clicked on the WebElement: <[[ChromeDriver: chrome on XP (80228b6251ab649010d1df63a7bb074e)] -> xpath: //*[@id="traderId"]]>
18:42:26.357 INFO  pageobjects.Login_Page -Successfully clicked on the WebElement: <[[ChromeDriver: chrome on XP (80228b6251ab649010d1df63a7bb074e)] -> xpath: //li[normalize-space()='John Overdeck']]>
18:42:29.471 INFO  pageobjects.Login_Page -Successfully clicked on the WebElement: <[[ChromeDriver: chrome on XP (80228b6251ab649010d1df63a7bb074e)] -> xpath: //*[@id="instrumentId"]]>
18:42:30.112 INFO  pageobjects.Login_Page -Successfully clicked on the WebElement: <[[ChromeDriver: chrome on XP (80228b6251ab649010d1df63a7bb074e)] -> xpath: //li[normalize-space()='IBM']]>
18:42:30.143 INFO  pageobjects.Login_Page -WebElement is visible using locator: <[[ChromeDriver: chrome on XP (80228b6251ab649010d1df63a7bb074e)] -> id: quantity]>
18:42:30.271 INFO  pageobjects.Login_Page -Successfully Sent the following keys: '7078' to element: <[[ChromeDriver: chrome on XP (80228b6251ab649010d1df63a7bb074e)] -> id: quantity]>
18:42:33.408 INFO  pageobjects.Login_Page -Successfully clicked on the WebElement: <[[ChromeDriver: chrome on XP (80228b6251ab649010d1df63a7bb074e)] -> xpath: //div[@role='presentation']//div[4]//div[1]//div[1]//div[1]]>
18:42:34.047 INFO  pageobjects.Login_Page -Successfully clicked on the WebElement: <[[ChromeDriver: chrome on XP (80228b6251ab649010d1df63a7bb074e)] -> xpath: //li[normalize-space()='Buy']]>
18:42:52.501 ERROR pageobjects.Login_Page -Unable to wait and click on WebElement, Exception: Expected condition failed: waiting for element to be clickable: [[ChromeDriver: chrome on XP (80228b6251ab649010d1df63a7bb074e)] -> xpath: //div[5]//div[1]//div[1]//input[1]] (tried for 15 second(s) with 500 milliseconds interval)
Build info: version: '3.11.0', revision: 'e59cfb3', time: '2018-03-11T20:26:55.152Z'
System info: host: 'LAPTOP-HPHDFIQM', ip: '192.168.56.1', os.name: 'Windows 10', os.arch: 'amd64', os.version: '10.0', java.version: '13.0.1'
Driver info: org.openqa.selenium.chrome.ChromeDriver
Capabilities {acceptInsecureCerts: false, acceptSslCerts: false, applicationCacheEnabled: false, browserConnectionEnabled: false, browserName: chrome, chrome: {chromedriverVersion: 2.38.552522 (437e6fbedfa876..., userDataDir: C:\Users\charm\AppData\Loca...}, cssSelectorsEnabled: true, databaseEnabled: false, handlesAlerts: true, hasTouchScreen: false, javascriptEnabled: true, locationContextEnabled: true, mobileEmulationEnabled: false, nativeEvents: true, networkConnectionEnabled: false, pageLoadStrategy: normal, platform: XP, platformName: XP, rotatable: false, setWindowRect: true, takesHeapSnapshot: true, takesScreenshot: true, unexpectedAlertBehaviour: , unhandledPromptBehavior: , version: 88.0.4324.104, webStorageEnabled: true}
Session ID: 80228b6251ab649010d1df63a7bb074e
18:44:14.448 INFO  utils.DriverFactory -Getting the etrading login page
18:44:14.451 INFO  pageobjects.Login_Page -Navigating to login page
18:44:22.351 INFO  utils.DriverFactory -Entering the username
18:44:22.396 INFO  pageobjects.Login_Page -WebElement is visible using locator: <[[ChromeDriver: chrome on XP (004d81055fe174ba06e6f33eda471d89)] -> id: username]>
18:44:22.508 INFO  pageobjects.Login_Page -Successfully Sent the following keys: 'sarith' to element: <[[ChromeDriver: chrome on XP (004d81055fe174ba06e6f33eda471d89)] -> id: username]>
18:44:22.509 INFO  utils.DriverFactory -Entering the password
18:44:22.550 INFO  pageobjects.Login_Page -WebElement is visible using locator: <[[ChromeDriver: chrome on XP (004d81055fe174ba06e6f33eda471d89)] -> id: password]>
18:44:22.677 INFO  pageobjects.Login_Page -Successfully Sent the following keys: 'password' to element: <[[ChromeDriver: chrome on XP (004d81055fe174ba06e6f33eda471d89)] -> id: password]>
18:44:22.678 INFO  utils.DriverFactory -Clicking on the login button
18:44:22.790 INFO  pageobjects.Login_Page -Successfully clicked on the WebElement: <[[ChromeDriver: chrome on XP (004d81055fe174ba06e6f33eda471d89)] -> xpath: //div[@id='root']//button]>
18:44:30.822 INFO  pageobjects.Login_Page -
18:44:30.967 INFO  pageobjects.Login_Page -Successfully clicked on the WebElement: <[[ChromeDriver: chrome on XP (004d81055fe174ba06e6f33eda471d89)] -> xpath: //span[normalize-space()='New Order']]>
18:44:31.150 INFO  pageobjects.Login_Page -Successfully clicked on the WebElement: <[[ChromeDriver: chrome on XP (004d81055fe174ba06e6f33eda471d89)] -> xpath: //li[normalize-space()='Stock']]>
18:44:31.285 INFO  pageobjects.Login_Page -Successfully clicked on the WebElement: <[[ChromeDriver: chrome on XP (004d81055fe174ba06e6f33eda471d89)] -> xpath: //*[@id="traderId"]]>
18:44:31.441 INFO  pageobjects.Login_Page -Successfully clicked on the WebElement: <[[ChromeDriver: chrome on XP (004d81055fe174ba06e6f33eda471d89)] -> xpath: //li[normalize-space()='John Overdeck']]>
18:44:34.573 INFO  pageobjects.Login_Page -Successfully clicked on the WebElement: <[[ChromeDriver: chrome on XP (004d81055fe174ba06e6f33eda471d89)] -> xpath: //*[@id="instrumentId"]]>
18:44:34.685 INFO  pageobjects.Login_Page -Successfully clicked on the WebElement: <[[ChromeDriver: chrome on XP (004d81055fe174ba06e6f33eda471d89)] -> xpath: //li[normalize-space()='IBM']]>
18:44:34.717 INFO  pageobjects.Login_Page -WebElement is visible using locator: <[[ChromeDriver: chrome on XP (004d81055fe174ba06e6f33eda471d89)] -> id: quantity]>
18:44:34.833 INFO  pageobjects.Login_Page -Successfully Sent the following keys: '7078' to element: <[[ChromeDriver: chrome on XP (004d81055fe174ba06e6f33eda471d89)] -> id: quantity]>
18:44:37.948 INFO  pageobjects.Login_Page -Successfully clicked on the WebElement: <[[ChromeDriver: chrome on XP (004d81055fe174ba06e6f33eda471d89)] -> xpath: //div[@role='presentation']//div[4]//div[1]//div[1]//div[1]]>
18:44:38.059 INFO  pageobjects.Login_Page -Successfully clicked on the WebElement: <[[ChromeDriver: chrome on XP (004d81055fe174ba06e6f33eda471d89)] -> xpath: //li[normalize-space()='Buy']]>
18:44:41.181 INFO  pageobjects.Login_Page -Successfully clicked on the WebElement: <[[ChromeDriver: chrome on XP (004d81055fe174ba06e6f33eda471d89)] -> xpath: //div[5]//div[1]//div[1]//div[1]]>
18:44:44.326 INFO  pageobjects.Login_Page -Successfully clicked on the WebElement: <[[ChromeDriver: chrome on XP (004d81055fe174ba06e6f33eda471d89)] -> xpath: //li[normalize-space()='Market']]>
18:44:47.442 INFO  pageobjects.Login_Page -Successfully clicked on the WebElement: <[[ChromeDriver: chrome on XP (004d81055fe174ba06e6f33eda471d89)] -> xpath: //span[normalize-space()='Submit']]>
18:44:53.561 INFO  pageobjects.Login_Page -Successfully clicked on the WebElement: <[[ChromeDriver: chrome on XP (004d81055fe174ba06e6f33eda471d89)] -> xpath: //*[@id="column-orderId"]]>
18:44:53.643 INFO  pageobjects.Login_Page -Successfully clicked on the WebElement: <[[ChromeDriver: chrome on XP (004d81055fe174ba06e6f33eda471d89)] -> xpath: //*[@id="column-orderId"]]>
18:44:57.751 INFO  pageobjects.Login_Page -Successfully clicked on the WebElement: <[[ChromeDriver: chrome on XP (004d81055fe174ba06e6f33eda471d89)] -> xpath: /html/body/div[1]/div/div/section[3]/div/div/div[4]/div/div[2]/div/div/div[2]/div[1]/div[1]/input]>
18:44:57.909 INFO  pageobjects.Login_Page -Successfully clicked on the WebElement: <[[ChromeDriver: chrome on XP (004d81055fe174ba06e6f33eda471d89)] -> xpath: /html/body/div[1]/div/div/section[3]/div/div/div[4]/div/div[2]/div/div/div[2]/div[1]/div[8]/button/span[1]]>
18:44:57.942 INFO  pageobjects.Login_Page -WebElement is visible using locator: <[[ChromeDriver: chrome on XP (004d81055fe174ba06e6f33eda471d89)] -> xpath: //*[@id='price']]>
18:44:58.055 INFO  pageobjects.Login_Page -Successfully Sent the following keys: '8976543' to element: <[[ChromeDriver: chrome on XP (004d81055fe174ba06e6f33eda471d89)] -> xpath: //*[@id='price']]>
18:45:13.500 ERROR pageobjects.Login_Page -Unable to wait and click on WebElement, Exception: Expected condition failed: waiting for element to be clickable: [[ChromeDriver: chrome on XP (004d81055fe174ba06e6f33eda471d89)] -> xpath: //div[@id='row-2']//span[@class='MuiButton-label'][normalize-space()='Fill']] (tried for 15 second(s) with 500 milliseconds interval)
Build info: version: '3.11.0', revision: 'e59cfb3', time: '2018-03-11T20:26:55.152Z'
System info: host: 'LAPTOP-HPHDFIQM', ip: '192.168.56.1', os.name: 'Windows 10', os.arch: 'amd64', os.version: '10.0', java.version: '13.0.1'
Driver info: org.openqa.selenium.chrome.ChromeDriver
Capabilities {acceptInsecureCerts: false, acceptSslCerts: false, applicationCacheEnabled: false, browserConnectionEnabled: false, browserName: chrome, chrome: {chromedriverVersion: 2.38.552522 (437e6fbedfa876..., userDataDir: C:\Users\charm\AppData\Loca...}, cssSelectorsEnabled: true, databaseEnabled: false, handlesAlerts: true, hasTouchScreen: false, javascriptEnabled: true, locationContextEnabled: true, mobileEmulationEnabled: false, nativeEvents: true, networkConnectionEnabled: false, pageLoadStrategy: normal, platform: XP, platformName: XP, rotatable: false, setWindowRect: true, takesHeapSnapshot: true, takesScreenshot: true, unexpectedAlertBehaviour: , unhandledPromptBehavior: , version: 88.0.4324.104, webStorageEnabled: true}
Session ID: 004d81055fe174ba06e6f33eda471d89
