11:51:53.965 INFO  pageobjects.Login_Page -WebElement is visible using locator: <[[ChromeDriver: chrome on XP (1a5a44d7f60b15c8e08a62f0344172cd)] -> id: username]>
11:51:54.176 INFO  pageobjects.Login_Page -Successfully Sent the following keys: 'sarith' to element: <[[ChromeDriver: chrome on XP (1a5a44d7f60b15c8e08a62f0344172cd)] -> id: username]>
11:51:54.176 INFO  utils.DriverFactory -Entering the password
11:51:54.204 INFO  pageobjects.Login_Page -WebElement is visible using locator: <[[ChromeDriver: chrome on XP (1a5a44d7f60b15c8e08a62f0344172cd)] -> id: password]>
11:51:54.364 INFO  pageobjects.Login_Page -Successfully Sent the following keys: 'password' to element: <[[ChromeDriver: chrome on XP (1a5a44d7f60b15c8e08a62f0344172cd)] -> id: password]>
11:51:54.365 INFO  utils.DriverFactory -Clicking on the login button
11:51:54.475 INFO  pageobjects.Login_Page -Successfully clicked on the WebElement: <[[ChromeDriver: chrome on XP (1a5a44d7f60b15c8e08a62f0344172cd)] -> xpath: //div[@id='root']//button]>
11:51:54.477 INFO  pageobjects.Login_Page -
11:51:55.270 INFO  pageobjects.Login_Page -Successfully clicked on the WebElement: <[[ChromeDriver: chrome on XP (1a5a44d7f60b15c8e08a62f0344172cd)] -> xpath: //span[normalize-space()='New Order']]>
11:51:55.507 INFO  pageobjects.Login_Page -Successfully clicked on the WebElement: <[[ChromeDriver: chrome on XP (1a5a44d7f60b15c8e08a62f0344172cd)] -> xpath: //li[normalize-space()='Stock']]>
11:51:55.637 INFO  pageobjects.Login_Page -Successfully clicked on the WebElement: <[[ChromeDriver: chrome on XP (1a5a44d7f60b15c8e08a62f0344172cd)] -> xpath: //*[@id='traderId']]>
11:51:55.782 INFO  pageobjects.Login_Page -Successfully clicked on the WebElement: <[[ChromeDriver: chrome on XP (1a5a44d7f60b15c8e08a62f0344172cd)] -> xpath: //li[normalize-space()='John Overdeck']]>
11:51:57.898 INFO  pageobjects.Login_Page -Successfully clicked on the WebElement: <[[ChromeDriver: chrome on XP (1a5a44d7f60b15c8e08a62f0344172cd)] -> xpath: //*[@id='instrumentId']]>
11:51:58.002 INFO  pageobjects.Login_Page -Successfully clicked on the WebElement: <[[ChromeDriver: chrome on XP (1a5a44d7f60b15c8e08a62f0344172cd)] -> xpath: //li[normalize-space()='IBM']]>
11:51:58.030 INFO  pageobjects.Login_Page -WebElement is visible using locator: <[[ChromeDriver: chrome on XP (1a5a44d7f60b15c8e08a62f0344172cd)] -> id: quantity]>
11:51:58.178 INFO  pageobjects.Login_Page -Successfully Sent the following keys: '7078' to element: <[[ChromeDriver: chrome on XP (1a5a44d7f60b15c8e08a62f0344172cd)] -> id: quantity]>
11:52:00.273 INFO  pageobjects.Login_Page -Successfully clicked on the WebElement: <[[ChromeDriver: chrome on XP (1a5a44d7f60b15c8e08a62f0344172cd)] -> xpath: //div[@role='presentation']//div[4]//div[1]//div[1]//div[1]]>
11:52:00.380 INFO  pageobjects.Login_Page -Successfully clicked on the WebElement: <[[ChromeDriver: chrome on XP (1a5a44d7f60b15c8e08a62f0344172cd)] -> xpath: //li[normalize-space()='Buy']]>
11:52:02.504 INFO  pageobjects.Login_Page -Successfully clicked on the WebElement: <[[ChromeDriver: chrome on XP (1a5a44d7f60b15c8e08a62f0344172cd)] -> xpath: //div[5]//div[1]//div[1]//div[1]]>
11:52:03.130 INFO  pageobjects.Login_Page -Successfully clicked on the WebElement: <[[ChromeDriver: chrome on XP (1a5a44d7f60b15c8e08a62f0344172cd)] -> xpath: //li[normalize-space()='Market']]>
11:52:05.382 INFO  pageobjects.Login_Page -Successfully clicked on the WebElement: <[[ChromeDriver: chrome on XP (1a5a44d7f60b15c8e08a62f0344172cd)] -> xpath: //button[2]]>
11:52:07.489 INFO  pageobjects.Login_Page -Successfully clicked on the WebElement: <[[ChromeDriver: chrome on XP (1a5a44d7f60b15c8e08a62f0344172cd)] -> xpath: //*[@id='column-orderId']]>
11:52:07.585 INFO  pageobjects.Login_Page -Successfully clicked on the WebElement: <[[ChromeDriver: chrome on XP (1a5a44d7f60b15c8e08a62f0344172cd)] -> xpath: //*[@id='column-orderId']]>
11:52:07.678 INFO  pageobjects.Login_Page -Successfully clicked on the WebElement: <[[ChromeDriver: chrome on XP (1a5a44d7f60b15c8e08a62f0344172cd)] -> xpath: //div[4]//div[1]//div[2]//div[1]//div[1]//div[2]//div[1]//div[1]//input[1]]>
11:52:07.885 INFO  pageobjects.Login_Page -Successfully clicked on the WebElement: <[[ChromeDriver: chrome on XP (1a5a44d7f60b15c8e08a62f0344172cd)] -> xpath: //div[@id='row-0']//span[contains(text(),'Fill')]]>
11:52:07.914 INFO  pageobjects.Login_Page -WebElement is visible using locator: <[[ChromeDriver: chrome on XP (1a5a44d7f60b15c8e08a62f0344172cd)] -> xpath: //*[@id='price']]>
11:52:08.027 INFO  pageobjects.Login_Page -Successfully Sent the following keys: '8976543' to element: <[[ChromeDriver: chrome on XP (1a5a44d7f60b15c8e08a62f0344172cd)] -> xpath: //*[@id='price']]>
11:52:08.270 INFO  pageobjects.Login_Page -Successfully clicked on the WebElement: <[[ChromeDriver: chrome on XP (1a5a44d7f60b15c8e08a62f0344172cd)] -> xpath: //span[normalize-space()='Submit']]>
11:52:10.366 INFO  pageobjects.Login_Page -Successfully clicked on the WebElement: <[[ChromeDriver: chrome on XP (1a5a44d7f60b15c8e08a62f0344172cd)] -> xpath: //*[@id='column-tradeId']]>
11:52:10.441 INFO  pageobjects.Login_Page -Successfully clicked on the WebElement: <[[ChromeDriver: chrome on XP (1a5a44d7f60b15c8e08a62f0344172cd)] -> xpath: //*[@id='column-tradeId']]>
11:52:12.541 INFO  pageobjects.Login_Page -Successfully clicked on the WebElement: <[[ChromeDriver: chrome on XP (1a5a44d7f60b15c8e08a62f0344172cd)] -> xpath: //*[@id='row-0']/div[1]/input]>
11:52:14.634 INFO  pageobjects.Login_Page -Successfully clicked on the WebElement: <[[ChromeDriver: chrome on XP (1a5a44d7f60b15c8e08a62f0344172cd)] -> xpath: //*[@id='column-trader']]>
11:52:16.715 INFO  pageobjects.Login_Page -Successfully clicked on the WebElement: <[[ChromeDriver: chrome on XP (1a5a44d7f60b15c8e08a62f0344172cd)] -> xpath: //*[@id='column-instrumentCode']]>
11:52:18.892 INFO  pageobjects.Login_Page -Successfully clicked on the WebElement: <[[ChromeDriver: chrome on XP (1a5a44d7f60b15c8e08a62f0344172cd)] -> id: row-0]>
11:52:26.688 INFO  utils.DriverFactory -Getting the etrading login page
11:52:26.688 INFO  pageobjects.Login_Page -Navigating to login page
11:52:27.385 INFO  utils.DriverFactory -Entering the username
11:52:27.414 INFO  pageobjects.Login_Page -WebElement is visible using locator: <[[ChromeDriver: chrome on XP (1525f835383da0986406029704568fb3)] -> id: username]>
11:52:27.532 INFO  pageobjects.Login_Page -Successfully Sent the following keys: 'sarith' to element: <[[ChromeDriver: chrome on XP (1525f835383da0986406029704568fb3)] -> id: username]>
11:52:27.533 INFO  utils.DriverFactory -Entering the password
11:52:27.559 INFO  pageobjects.Login_Page -WebElement is visible using locator: <[[ChromeDriver: chrome on XP (1525f835383da0986406029704568fb3)] -> id: password]>
11:52:27.689 INFO  pageobjects.Login_Page -Successfully Sent the following keys: 'password' to element: <[[ChromeDriver: chrome on XP (1525f835383da0986406029704568fb3)] -> id: password]>
11:52:27.689 INFO  utils.DriverFactory -Clicking on the login button
11:52:27.795 INFO  pageobjects.Login_Page -Successfully clicked on the WebElement: <[[ChromeDriver: chrome on XP (1525f835383da0986406029704568fb3)] -> xpath: //div[@id='root']//button]>
11:52:27.796 INFO  pageobjects.Login_Page -
11:52:28.559 INFO  pageobjects.Login_Page -Successfully clicked on the WebElement: <[[ChromeDriver: chrome on XP (1525f835383da0986406029704568fb3)] -> xpath: //span[normalize-space()='New Order']]>
11:52:28.803 INFO  pageobjects.Login_Page -Successfully clicked on the WebElement: <[[ChromeDriver: chrome on XP (1525f835383da0986406029704568fb3)] -> xpath: //li[normalize-space()='Equity Option']]>
11:52:28.922 INFO  pageobjects.Login_Page -Successfully clicked on the WebElement: <[[ChromeDriver: chrome on XP (1525f835383da0986406029704568fb3)] -> xpath: //*[@id='traderId']]>
11:52:29.069 INFO  pageobjects.Login_Page -Successfully clicked on the WebElement: <[[ChromeDriver: chrome on XP (1525f835383da0986406029704568fb3)] -> xpath: //li[normalize-space()='Ken Griffin']]>
11:52:31.175 INFO  pageobjects.Login_Page -Successfully clicked on the WebElement: <[[ChromeDriver: chrome on XP (1525f835383da0986406029704568fb3)] -> xpath: //*[@id='instrumentId']]>
11:52:31.292 INFO  pageobjects.Login_Page -Successfully clicked on the WebElement: <[[ChromeDriver: chrome on XP (1525f835383da0986406029704568fb3)] -> xpath: //li[normalize-space()='MSFT']]>
11:52:31.318 INFO  pageobjects.Login_Page -WebElement is visible using locator: <[[ChromeDriver: chrome on XP (1525f835383da0986406029704568fb3)] -> id: quantity]>
11:52:31.466 INFO  pageobjects.Login_Page -Successfully Sent the following keys: '7078' to element: <[[ChromeDriver: chrome on XP (1525f835383da0986406029704568fb3)] -> id: quantity]>
11:52:33.574 INFO  pageobjects.Login_Page -Successfully clicked on the WebElement: <[[ChromeDriver: chrome on XP (1525f835383da0986406029704568fb3)] -> xpath: //div[@role='presentation']//div[4]//div[1]//div[1]//div[1]]>
11:52:33.684 INFO  pageobjects.Login_Page -Successfully clicked on the WebElement: <[[ChromeDriver: chrome on XP (1525f835383da0986406029704568fb3)] -> xpath: //li[normalize-space()='Sell']]>
11:52:35.807 INFO  pageobjects.Login_Page -Successfully clicked on the WebElement: <[[ChromeDriver: chrome on XP (1525f835383da0986406029704568fb3)] -> xpath: //div[5]//div[1]//div[1]//div[1]]>
11:52:36.432 INFO  pageobjects.Login_Page -Successfully clicked on the WebElement: <[[ChromeDriver: chrome on XP (1525f835383da0986406029704568fb3)] -> xpath: //li[normalize-space()='Limit']]>
11:52:38.618 INFO  pageobjects.Login_Page -Successfully clicked on the WebElement: <[[ChromeDriver: chrome on XP (1525f835383da0986406029704568fb3)] -> xpath: //button[2]]>
11:52:40.712 INFO  pageobjects.Login_Page -Successfully clicked on the WebElement: <[[ChromeDriver: chrome on XP (1525f835383da0986406029704568fb3)] -> xpath: //*[@id='column-orderId']]>
11:52:40.812 INFO  pageobjects.Login_Page -Successfully clicked on the WebElement: <[[ChromeDriver: chrome on XP (1525f835383da0986406029704568fb3)] -> xpath: //*[@id='column-orderId']]>
11:52:40.906 INFO  pageobjects.Login_Page -Successfully clicked on the WebElement: <[[ChromeDriver: chrome on XP (1525f835383da0986406029704568fb3)] -> xpath: //div[4]//div[1]//div[2]//div[1]//div[1]//div[2]//div[1]//div[1]//input[1]]>
11:52:41.103 INFO  pageobjects.Login_Page -Successfully clicked on the WebElement: <[[ChromeDriver: chrome on XP (1525f835383da0986406029704568fb3)] -> xpath: //div[@id='row-0']//span[contains(text(),'Fill')]]>
11:52:41.130 INFO  pageobjects.Login_Page -WebElement is visible using locator: <[[ChromeDriver: chrome on XP (1525f835383da0986406029704568fb3)] -> xpath: //*[@id='price']]>
11:52:41.245 INFO  pageobjects.Login_Page -Successfully Sent the following keys: '8976543' to element: <[[ChromeDriver: chrome on XP (1525f835383da0986406029704568fb3)] -> xpath: //*[@id='price']]>
11:52:41.388 INFO  pageobjects.Login_Page -Successfully clicked on the WebElement: <[[ChromeDriver: chrome on XP (1525f835383da0986406029704568fb3)] -> xpath: //span[normalize-space()='Submit']]>
11:52:43.472 INFO  pageobjects.Login_Page -Successfully clicked on the WebElement: <[[ChromeDriver: chrome on XP (1525f835383da0986406029704568fb3)] -> xpath: //*[@id='column-tradeId']]>
11:52:43.555 INFO  pageobjects.Login_Page -Successfully clicked on the WebElement: <[[ChromeDriver: chrome on XP (1525f835383da0986406029704568fb3)] -> xpath: //*[@id='column-tradeId']]>
11:52:45.644 INFO  pageobjects.Login_Page -Successfully clicked on the WebElement: <[[ChromeDriver: chrome on XP (1525f835383da0986406029704568fb3)] -> xpath: //*[@id='row-0']/div[1]/input]>
11:52:47.741 INFO  pageobjects.Login_Page -Successfully clicked on the WebElement: <[[ChromeDriver: chrome on XP (1525f835383da0986406029704568fb3)] -> xpath: //*[@id='column-trader']]>
11:52:49.825 INFO  pageobjects.Login_Page -Successfully clicked on the WebElement: <[[ChromeDriver: chrome on XP (1525f835383da0986406029704568fb3)] -> xpath: //*[@id='column-instrumentCode']]>
11:52:52.017 INFO  pageobjects.Login_Page -Successfully clicked on the WebElement: <[[ChromeDriver: chrome on XP (1525f835383da0986406029704568fb3)] -> id: row-0]>
11:53:18.200 INFO  utils.DriverFactory -Getting the etrading login page
11:53:18.203 INFO  pageobjects.Login_Page -Navigating to login page
11:53:19.766 INFO  utils.DriverFactory -Entering the username
11:53:19.801 INFO  pageobjects.Login_Page -WebElement is visible using locator: <[[ChromeDriver: chrome on XP (f4af14e6ab283baa8e9606e6f04d8cf6)] -> id: username]>
11:53:19.886 INFO  pageobjects.Login_Page -Successfully Sent the following keys: 'sarith' to element: <[[ChromeDriver: chrome on XP (f4af14e6ab283baa8e9606e6f04d8cf6)] -> id: username]>
11:53:19.887 INFO  utils.DriverFactory -Entering the password
11:53:19.916 INFO  pageobjects.Login_Page -WebElement is visible using locator: <[[ChromeDriver: chrome on XP (f4af14e6ab283baa8e9606e6f04d8cf6)] -> id: password]>
11:53:20.021 INFO  pageobjects.Login_Page -Successfully Sent the following keys: 'password' to element: <[[ChromeDriver: chrome on XP (f4af14e6ab283baa8e9606e6f04d8cf6)] -> id: password]>
11:53:20.023 INFO  utils.DriverFactory -Clicking on the login button
11:53:20.153 INFO  pageobjects.Login_Page -Successfully clicked on the WebElement: <[[ChromeDriver: chrome on XP (f4af14e6ab283baa8e9606e6f04d8cf6)] -> xpath: //div[@id='root']//button]>
11:53:20.155 INFO  pageobjects.Login_Page -
11:53:20.769 INFO  pageobjects.Login_Page -Successfully clicked on the WebElement: <[[ChromeDriver: chrome on XP (f4af14e6ab283baa8e9606e6f04d8cf6)] -> xpath: //span[normalize-space()='New Order']]>
11:53:20.927 INFO  pageobjects.Login_Page -Successfully clicked on the WebElement: <[[ChromeDriver: chrome on XP (f4af14e6ab283baa8e9606e6f04d8cf6)] -> xpath: //li[normalize-space()='Stock']]>
11:53:21.032 INFO  pageobjects.Login_Page -Successfully clicked on the WebElement: <[[ChromeDriver: chrome on XP (f4af14e6ab283baa8e9606e6f04d8cf6)] -> xpath: //*[@id='traderId']]>
11:53:21.649 INFO  pageobjects.Login_Page -Successfully clicked on the WebElement: <[[ChromeDriver: chrome on XP (f4af14e6ab283baa8e9606e6f04d8cf6)] -> xpath: //li[normalize-space()='John Overdeck']]>
11:53:23.747 INFO  pageobjects.Login_Page -Successfully clicked on the WebElement: <[[ChromeDriver: chrome on XP (f4af14e6ab283baa8e9606e6f04d8cf6)] -> xpath: //*[@id='instrumentId']]>
11:53:23.844 INFO  pageobjects.Login_Page -Successfully clicked on the WebElement: <[[ChromeDriver: chrome on XP (f4af14e6ab283baa8e9606e6f04d8cf6)] -> xpath: //li[normalize-space()='IBM']]>
11:53:23.874 INFO  pageobjects.Login_Page -WebElement is visible using locator: <[[ChromeDriver: chrome on XP (f4af14e6ab283baa8e9606e6f04d8cf6)] -> id: quantity]>
11:53:23.970 INFO  pageobjects.Login_Page -Successfully Sent the following keys: '7078' to element: <[[ChromeDriver: chrome on XP (f4af14e6ab283baa8e9606e6f04d8cf6)] -> id: quantity]>
11:53:26.074 INFO  pageobjects.Login_Page -Successfully clicked on the WebElement: <[[ChromeDriver: chrome on XP (f4af14e6ab283baa8e9606e6f04d8cf6)] -> xpath: //div[@role='presentation']//div[4]//div[1]//div[1]//div[1]]>
11:53:26.178 INFO  pageobjects.Login_Page -Successfully clicked on the WebElement: <[[ChromeDriver: chrome on XP (f4af14e6ab283baa8e9606e6f04d8cf6)] -> xpath: //li[normalize-space()='Buy']]>
11:53:28.273 INFO  pageobjects.Login_Page -Successfully clicked on the WebElement: <[[ChromeDriver: chrome on XP (f4af14e6ab283baa8e9606e6f04d8cf6)] -> xpath: //div[5]//div[1]//div[1]//div[1]]>
11:53:28.361 INFO  pageobjects.Login_Page -Successfully clicked on the WebElement: <[[ChromeDriver: chrome on XP (f4af14e6ab283baa8e9606e6f04d8cf6)] -> xpath: //li[normalize-space()='Market']]>
11:53:30.456 INFO  pageobjects.Login_Page -Successfully clicked on the WebElement: <[[ChromeDriver: chrome on XP (f4af14e6ab283baa8e9606e6f04d8cf6)] -> xpath: //button[2]]>
11:53:32.547 INFO  pageobjects.Login_Page -Successfully clicked on the WebElement: <[[ChromeDriver: chrome on XP (f4af14e6ab283baa8e9606e6f04d8cf6)] -> xpath: //*[@id='column-orderId']]>
11:53:32.632 INFO  pageobjects.Login_Page -Successfully clicked on the WebElement: <[[ChromeDriver: chrome on XP (f4af14e6ab283baa8e9606e6f04d8cf6)] -> xpath: //*[@id='column-orderId']]>
11:53:32.724 INFO  pageobjects.Login_Page -Successfully clicked on the WebElement: <[[ChromeDriver: chrome on XP (f4af14e6ab283baa8e9606e6f04d8cf6)] -> xpath: //div[4]//div[1]//div[2]//div[1]//div[1]//div[2]//div[1]//div[1]//input[1]]>
11:53:32.882 INFO  pageobjects.Login_Page -Successfully clicked on the WebElement: <[[ChromeDriver: chrome on XP (f4af14e6ab283baa8e9606e6f04d8cf6)] -> xpath: //div[@id='row-0']//span[contains(text(),'Fill')]]>
11:53:32.911 INFO  pageobjects.Login_Page -WebElement is visible using locator: <[[ChromeDriver: chrome on XP (f4af14e6ab283baa8e9606e6f04d8cf6)] -> xpath: //*[@id='price']]>
11:53:33.006 INFO  pageobjects.Login_Page -Successfully Sent the following keys: '8976543' to element: <[[ChromeDriver: chrome on XP (f4af14e6ab283baa8e9606e6f04d8cf6)] -> xpath: //*[@id='price']]>
11:53:33.100 INFO  pageobjects.Login_Page -Successfully clicked on the WebElement: <[[ChromeDriver: chrome on XP (f4af14e6ab283baa8e9606e6f04d8cf6)] -> xpath: //span[normalize-space()='Submit']]>
11:53:35.192 INFO  pageobjects.Login_Page -Successfully clicked on the WebElement: <[[ChromeDriver: chrome on XP (f4af14e6ab283baa8e9606e6f04d8cf6)] -> xpath: //*[@id='column-tradeId']]>
11:53:35.269 INFO  pageobjects.Login_Page -Successfully clicked on the WebElement: <[[ChromeDriver: chrome on XP (f4af14e6ab283baa8e9606e6f04d8cf6)] -> xpath: //*[@id='column-tradeId']]>
11:53:37.363 INFO  pageobjects.Login_Page -Successfully clicked on the WebElement: <[[ChromeDriver: chrome on XP (f4af14e6ab283baa8e9606e6f04d8cf6)] -> xpath: //*[@id='row-0']/div[1]/input]>
11:53:39.448 INFO  pageobjects.Login_Page -Successfully clicked on the WebElement: <[[ChromeDriver: chrome on XP (f4af14e6ab283baa8e9606e6f04d8cf6)] -> xpath: //*[@id='column-trader']]>
11:53:41.552 INFO  pageobjects.Login_Page -Successfully clicked on the WebElement: <[[ChromeDriver: chrome on XP (f4af14e6ab283baa8e9606e6f04d8cf6)] -> xpath: //*[@id='column-instrumentCode']]>
11:53:43.688 INFO  pageobjects.Login_Page -Successfully clicked on the WebElement: <[[ChromeDriver: chrome on XP (f4af14e6ab283baa8e9606e6f04d8cf6)] -> id: row-0]>
11:53:51.829 INFO  utils.DriverFactory -Getting the etrading login page
11:53:51.829 INFO  pageobjects.Login_Page -Navigating to login page
11:53:53.767 INFO  utils.DriverFactory -Entering the username
11:53:53.799 INFO  pageobjects.Login_Page -WebElement is visible using locator: <[[ChromeDriver: chrome on XP (c0976c2c477d1034c163ab601be8de36)] -> id: username]>
11:53:53.882 INFO  pageobjects.Login_Page -Successfully Sent the following keys: 'sarith' to element: <[[ChromeDriver: chrome on XP (c0976c2c477d1034c163ab601be8de36)] -> id: username]>
11:53:53.883 INFO  utils.DriverFactory -Entering the password
11:53:53.912 INFO  pageobjects.Login_Page -WebElement is visible using locator: <[[ChromeDriver: chrome on XP (c0976c2c477d1034c163ab601be8de36)] -> id: password]>
11:53:54.006 INFO  pageobjects.Login_Page -Successfully Sent the following keys: 'password' to element: <[[ChromeDriver: chrome on XP (c0976c2c477d1034c163ab601be8de36)] -> id: password]>
11:53:54.007 INFO  utils.DriverFactory -Clicking on the login button
11:53:54.142 INFO  pageobjects.Login_Page -Successfully clicked on the WebElement: <[[ChromeDriver: chrome on XP (c0976c2c477d1034c163ab601be8de36)] -> xpath: //div[@id='root']//button]>
11:53:54.144 INFO  pageobjects.Login_Page -
11:53:54.753 INFO  pageobjects.Login_Page -Successfully clicked on the WebElement: <[[ChromeDriver: chrome on XP (c0976c2c477d1034c163ab601be8de36)] -> xpath: //span[normalize-space()='New Order']]>
11:53:54.917 INFO  pageobjects.Login_Page -Successfully clicked on the WebElement: <[[ChromeDriver: chrome on XP (c0976c2c477d1034c163ab601be8de36)] -> xpath: //li[normalize-space()='Equity Option']]>
11:53:55.017 INFO  pageobjects.Login_Page -Successfully clicked on the WebElement: <[[ChromeDriver: chrome on XP (c0976c2c477d1034c163ab601be8de36)] -> xpath: //*[@id='traderId']]>
11:53:55.632 INFO  pageobjects.Login_Page -Successfully clicked on the WebElement: <[[ChromeDriver: chrome on XP (c0976c2c477d1034c163ab601be8de36)] -> xpath: //li[normalize-space()='Ken Griffin']]>
11:53:57.719 INFO  pageobjects.Login_Page -Successfully clicked on the WebElement: <[[ChromeDriver: chrome on XP (c0976c2c477d1034c163ab601be8de36)] -> xpath: //*[@id='instrumentId']]>
11:53:57.811 INFO  pageobjects.Login_Page -Successfully clicked on the WebElement: <[[ChromeDriver: chrome on XP (c0976c2c477d1034c163ab601be8de36)] -> xpath: //li[normalize-space()='MSFT']]>
11:53:57.837 INFO  pageobjects.Login_Page -WebElement is visible using locator: <[[ChromeDriver: chrome on XP (c0976c2c477d1034c163ab601be8de36)] -> id: quantity]>
11:53:57.928 INFO  pageobjects.Login_Page -Successfully Sent the following keys: '7078' to element: <[[ChromeDriver: chrome on XP (c0976c2c477d1034c163ab601be8de36)] -> id: quantity]>
11:54:00.014 INFO  pageobjects.Login_Page -Successfully clicked on the WebElement: <[[ChromeDriver: chrome on XP (c0976c2c477d1034c163ab601be8de36)] -> xpath: //div[@role='presentation']//div[4]//div[1]//div[1]//div[1]]>
11:54:00.109 INFO  pageobjects.Login_Page -Successfully clicked on the WebElement: <[[ChromeDriver: chrome on XP (c0976c2c477d1034c163ab601be8de36)] -> xpath: //li[normalize-space()='Sell']]>
11:54:02.208 INFO  pageobjects.Login_Page -Successfully clicked on the WebElement: <[[ChromeDriver: chrome on XP (c0976c2c477d1034c163ab601be8de36)] -> xpath: //div[5]//div[1]//div[1]//div[1]]>
11:54:02.816 INFO  pageobjects.Login_Page -Successfully clicked on the WebElement: <[[ChromeDriver: chrome on XP (c0976c2c477d1034c163ab601be8de36)] -> xpath: //li[normalize-space()='Limit']]>
11:54:04.905 INFO  pageobjects.Login_Page -Successfully clicked on the WebElement: <[[ChromeDriver: chrome on XP (c0976c2c477d1034c163ab601be8de36)] -> xpath: //button[2]]>
11:54:06.998 INFO  pageobjects.Login_Page -Successfully clicked on the WebElement: <[[ChromeDriver: chrome on XP (c0976c2c477d1034c163ab601be8de36)] -> xpath: //*[@id='column-orderId']]>
11:54:07.076 INFO  pageobjects.Login_Page -Successfully clicked on the WebElement: <[[ChromeDriver: chrome on XP (c0976c2c477d1034c163ab601be8de36)] -> xpath: //*[@id='column-orderId']]>
11:54:07.164 INFO  pageobjects.Login_Page -Successfully clicked on the WebElement: <[[ChromeDriver: chrome on XP (c0976c2c477d1034c163ab601be8de36)] -> xpath: //div[4]//div[1]//div[2]//div[1]//div[1]//div[2]//div[1]//div[1]//input[1]]>
11:54:22.667 ERROR pageobjects.Login_Page -Unable to wait and click on WebElement, Exception: Expected condition failed: waiting for element to be clickable: Proxy element for: DefaultElementLocator 'By.xpath: //div[@id='row-0']//span[contains(text(),'Fill')]' (tried for 15 second(s) with 500 milliseconds interval)
11:56:12.998 INFO  utils.DriverFactory -Getting the etrading login page
11:56:13.002 INFO  pageobjects.Login_Page -Navigating to login page
11:56:14.663 INFO  utils.DriverFactory -Entering the username
11:56:14.694 INFO  pageobjects.Login_Page -WebElement is visible using locator: <[[ChromeDriver: chrome on XP (fe3f42f840cc00693b0944b1aa8d4dfe)] -> id: username]>
11:56:14.778 INFO  pageobjects.Login_Page -Successfully Sent the following keys: 'sarith' to element: <[[ChromeDriver: chrome on XP (fe3f42f840cc00693b0944b1aa8d4dfe)] -> id: username]>
11:56:14.779 INFO  utils.DriverFactory -Entering the password
11:56:14.808 INFO  pageobjects.Login_Page -WebElement is visible using locator: <[[ChromeDriver: chrome on XP (fe3f42f840cc00693b0944b1aa8d4dfe)] -> id: password]>
11:56:14.910 INFO  pageobjects.Login_Page -Successfully Sent the following keys: 'password' to element: <[[ChromeDriver: chrome on XP (fe3f42f840cc00693b0944b1aa8d4dfe)] -> id: password]>
11:56:14.911 INFO  utils.DriverFactory -Clicking on the login button
11:56:15.018 INFO  pageobjects.Login_Page -Successfully clicked on the WebElement: <[[ChromeDriver: chrome on XP (fe3f42f840cc00693b0944b1aa8d4dfe)] -> xpath: //div[@id='root']//button]>
11:56:15.020 INFO  pageobjects.Login_Page -
11:56:15.628 INFO  pageobjects.Login_Page -Successfully clicked on the WebElement: <[[ChromeDriver: chrome on XP (fe3f42f840cc00693b0944b1aa8d4dfe)] -> xpath: //span[normalize-space()='New Order']]>
11:56:15.803 INFO  pageobjects.Login_Page -Successfully clicked on the WebElement: <[[ChromeDriver: chrome on XP (fe3f42f840cc00693b0944b1aa8d4dfe)] -> xpath: //li[normalize-space()='Stock']]>
11:56:15.903 INFO  pageobjects.Login_Page -Successfully clicked on the WebElement: <[[ChromeDriver: chrome on XP (fe3f42f840cc00693b0944b1aa8d4dfe)] -> xpath: //*[@id='traderId']]>
11:56:16.535 INFO  pageobjects.Login_Page -Successfully clicked on the WebElement: <[[ChromeDriver: chrome on XP (fe3f42f840cc00693b0944b1aa8d4dfe)] -> xpath: //li[normalize-space()='John Overdeck']]>
11:56:18.647 INFO  pageobjects.Login_Page -Successfully clicked on the WebElement: <[[ChromeDriver: chrome on XP (fe3f42f840cc00693b0944b1aa8d4dfe)] -> xpath: //*[@id='instrumentId']]>
11:56:18.748 INFO  pageobjects.Login_Page -Successfully clicked on the WebElement: <[[ChromeDriver: chrome on XP (fe3f42f840cc00693b0944b1aa8d4dfe)] -> xpath: //li[normalize-space()='IBM']]>
11:56:18.774 INFO  pageobjects.Login_Page -WebElement is visible using locator: <[[ChromeDriver: chrome on XP (fe3f42f840cc00693b0944b1aa8d4dfe)] -> id: quantity]>
11:56:18.893 INFO  pageobjects.Login_Page -Successfully Sent the following keys: '7078' to element: <[[ChromeDriver: chrome on XP (fe3f42f840cc00693b0944b1aa8d4dfe)] -> id: quantity]>
11:56:20.991 INFO  pageobjects.Login_Page -Successfully clicked on the WebElement: <[[ChromeDriver: chrome on XP (fe3f42f840cc00693b0944b1aa8d4dfe)] -> xpath: //div[@role='presentation']//div[4]//div[1]//div[1]//div[1]]>
11:56:21.079 INFO  pageobjects.Login_Page -Successfully clicked on the WebElement: <[[ChromeDriver: chrome on XP (fe3f42f840cc00693b0944b1aa8d4dfe)] -> xpath: //li[normalize-space()='Buy']]>
11:56:23.180 INFO  pageobjects.Login_Page -Successfully clicked on the WebElement: <[[ChromeDriver: chrome on XP (fe3f42f840cc00693b0944b1aa8d4dfe)] -> xpath: //div[5]//div[1]//div[1]//div[1]]>
11:56:23.279 INFO  pageobjects.Login_Page -Successfully clicked on the WebElement: <[[ChromeDriver: chrome on XP (fe3f42f840cc00693b0944b1aa8d4dfe)] -> xpath: //li[normalize-space()='Market']]>
11:56:25.361 INFO  pageobjects.Login_Page -Successfully clicked on the WebElement: <[[ChromeDriver: chrome on XP (fe3f42f840cc00693b0944b1aa8d4dfe)] -> xpath: //button[2]]>
11:56:27.466 INFO  pageobjects.Login_Page -Successfully clicked on the WebElement: <[[ChromeDriver: chrome on XP (fe3f42f840cc00693b0944b1aa8d4dfe)] -> xpath: //*[@id='column-orderId']]>
11:56:27.554 INFO  pageobjects.Login_Page -Successfully clicked on the WebElement: <[[ChromeDriver: chrome on XP (fe3f42f840cc00693b0944b1aa8d4dfe)] -> xpath: //*[@id='column-orderId']]>
11:56:27.648 INFO  pageobjects.Login_Page -Successfully clicked on the WebElement: <[[ChromeDriver: chrome on XP (fe3f42f840cc00693b0944b1aa8d4dfe)] -> xpath: //div[4]//div[1]//div[2]//div[1]//div[1]//div[2]//div[1]//div[1]//input[1]]>
11:56:27.811 INFO  pageobjects.Login_Page -Successfully clicked on the WebElement: <[[ChromeDriver: chrome on XP (fe3f42f840cc00693b0944b1aa8d4dfe)] -> xpath: //div[@id='row-0']//span[contains(text(),'Fill')]]>
11:56:27.837 INFO  pageobjects.Login_Page -WebElement is visible using locator: <[[ChromeDriver: chrome on XP (fe3f42f840cc00693b0944b1aa8d4dfe)] -> xpath: //*[@id='price']]>
11:56:27.941 INFO  pageobjects.Login_Page -Successfully Sent the following keys: '8976543' to element: <[[ChromeDriver: chrome on XP (fe3f42f840cc00693b0944b1aa8d4dfe)] -> xpath: //*[@id='price']]>
11:56:28.021 INFO  pageobjects.Login_Page -Successfully clicked on the WebElement: <[[ChromeDriver: chrome on XP (fe3f42f840cc00693b0944b1aa8d4dfe)] -> xpath: //span[normalize-space()='Submit']]>
11:56:30.104 INFO  pageobjects.Login_Page -Successfully clicked on the WebElement: <[[ChromeDriver: chrome on XP (fe3f42f840cc00693b0944b1aa8d4dfe)] -> xpath: //*[@id='column-tradeId']]>
11:56:30.173 INFO  pageobjects.Login_Page -Successfully clicked on the WebElement: <[[ChromeDriver: chrome on XP (fe3f42f840cc00693b0944b1aa8d4dfe)] -> xpath: //*[@id='column-tradeId']]>
11:56:32.271 INFO  pageobjects.Login_Page -Successfully clicked on the WebElement: <[[ChromeDriver: chrome on XP (fe3f42f840cc00693b0944b1aa8d4dfe)] -> xpath: //*[@id='row-0']/div[1]/input]>
11:56:34.361 INFO  pageobjects.Login_Page -Successfully clicked on the WebElement: <[[ChromeDriver: chrome on XP (fe3f42f840cc00693b0944b1aa8d4dfe)] -> xpath: //*[@id='column-trader']]>
11:56:36.458 INFO  pageobjects.Login_Page -Successfully clicked on the WebElement: <[[ChromeDriver: chrome on XP (fe3f42f840cc00693b0944b1aa8d4dfe)] -> xpath: //*[@id='column-instrumentCode']]>
11:56:38.605 INFO  pageobjects.Login_Page -Successfully clicked on the WebElement: <[[ChromeDriver: chrome on XP (fe3f42f840cc00693b0944b1aa8d4dfe)] -> id: row-0]>
11:56:47.658 INFO  utils.DriverFactory -Getting the etrading login page
11:56:47.658 INFO  pageobjects.Login_Page -Navigating to login page
11:56:48.331 INFO  utils.DriverFactory -Entering the username
11:56:48.362 INFO  pageobjects.Login_Page -WebElement is visible using locator: <[[ChromeDriver: chrome on XP (03e0a8d44a1dd2d32be7a94fea670f0d)] -> id: username]>
11:56:48.447 INFO  pageobjects.Login_Page -Successfully Sent the following keys: 'sarith' to element: <[[ChromeDriver: chrome on XP (03e0a8d44a1dd2d32be7a94fea670f0d)] -> id: username]>
11:56:48.449 INFO  utils.DriverFactory -Entering the password
11:56:48.477 INFO  pageobjects.Login_Page -WebElement is visible using locator: <[[ChromeDriver: chrome on XP (03e0a8d44a1dd2d32be7a94fea670f0d)] -> id: password]>
11:56:48.578 INFO  pageobjects.Login_Page -Successfully Sent the following keys: 'password' to element: <[[ChromeDriver: chrome on XP (03e0a8d44a1dd2d32be7a94fea670f0d)] -> id: password]>
11:56:48.579 INFO  utils.DriverFactory -Clicking on the login button
11:56:48.729 INFO  pageobjects.Login_Page -Successfully clicked on the WebElement: <[[ChromeDriver: chrome on XP (03e0a8d44a1dd2d32be7a94fea670f0d)] -> xpath: //div[@id='root']//button]>
11:56:48.731 INFO  pageobjects.Login_Page -
11:56:49.350 INFO  pageobjects.Login_Page -Successfully clicked on the WebElement: <[[ChromeDriver: chrome on XP (03e0a8d44a1dd2d32be7a94fea670f0d)] -> xpath: //span[normalize-space()='New Order']]>
11:56:49.524 INFO  pageobjects.Login_Page -Successfully clicked on the WebElement: <[[ChromeDriver: chrome on XP (03e0a8d44a1dd2d32be7a94fea670f0d)] -> xpath: //li[normalize-space()='Equity Option']]>
11:56:49.640 INFO  pageobjects.Login_Page -Successfully clicked on the WebElement: <[[ChromeDriver: chrome on XP (03e0a8d44a1dd2d32be7a94fea670f0d)] -> xpath: //*[@id='traderId']]>
11:56:50.270 INFO  pageobjects.Login_Page -Successfully clicked on the WebElement: <[[ChromeDriver: chrome on XP (03e0a8d44a1dd2d32be7a94fea670f0d)] -> xpath: //li[normalize-space()='Ken Griffin']]>
11:56:52.363 INFO  pageobjects.Login_Page -Successfully clicked on the WebElement: <[[ChromeDriver: chrome on XP (03e0a8d44a1dd2d32be7a94fea670f0d)] -> xpath: //*[@id='instrumentId']]>
11:56:53.003 INFO  pageobjects.Login_Page -Successfully clicked on the WebElement: <[[ChromeDriver: chrome on XP (03e0a8d44a1dd2d32be7a94fea670f0d)] -> xpath: //li[normalize-space()='MSFT']]>
11:56:53.030 INFO  pageobjects.Login_Page -WebElement is visible using locator: <[[ChromeDriver: chrome on XP (03e0a8d44a1dd2d32be7a94fea670f0d)] -> id: quantity]>
11:56:53.122 INFO  pageobjects.Login_Page -Successfully Sent the following keys: '7078' to element: <[[ChromeDriver: chrome on XP (03e0a8d44a1dd2d32be7a94fea670f0d)] -> id: quantity]>
11:56:55.219 INFO  pageobjects.Login_Page -Successfully clicked on the WebElement: <[[ChromeDriver: chrome on XP (03e0a8d44a1dd2d32be7a94fea670f0d)] -> xpath: //div[@role='presentation']//div[4]//div[1]//div[1]//div[1]]>
11:56:55.315 INFO  pageobjects.Login_Page -Successfully clicked on the WebElement: <[[ChromeDriver: chrome on XP (03e0a8d44a1dd2d32be7a94fea670f0d)] -> xpath: //li[normalize-space()='Sell']]>
11:56:57.399 INFO  pageobjects.Login_Page -Successfully clicked on the WebElement: <[[ChromeDriver: chrome on XP (03e0a8d44a1dd2d32be7a94fea670f0d)] -> xpath: //div[5]//div[1]//div[1]//div[1]]>
11:56:57.480 INFO  pageobjects.Login_Page -Successfully clicked on the WebElement: <[[ChromeDriver: chrome on XP (03e0a8d44a1dd2d32be7a94fea670f0d)] -> xpath: //li[normalize-space()='Limit']]>
11:56:59.567 INFO  pageobjects.Login_Page -Successfully clicked on the WebElement: <[[ChromeDriver: chrome on XP (03e0a8d44a1dd2d32be7a94fea670f0d)] -> xpath: //button[2]]>
11:57:01.669 INFO  pageobjects.Login_Page -Successfully clicked on the WebElement: <[[ChromeDriver: chrome on XP (03e0a8d44a1dd2d32be7a94fea670f0d)] -> xpath: //*[@id='column-orderId']]>
11:57:01.754 INFO  pageobjects.Login_Page -Successfully clicked on the WebElement: <[[ChromeDriver: chrome on XP (03e0a8d44a1dd2d32be7a94fea670f0d)] -> xpath: //*[@id='column-orderId']]>
11:57:01.852 INFO  pageobjects.Login_Page -Successfully clicked on the WebElement: <[[ChromeDriver: chrome on XP (03e0a8d44a1dd2d32be7a94fea670f0d)] -> xpath: //div[4]//div[1]//div[2]//div[1]//div[1]//div[2]//div[1]//div[1]//input[1]]>
11:57:02.002 INFO  pageobjects.Login_Page -Successfully clicked on the WebElement: <[[ChromeDriver: chrome on XP (03e0a8d44a1dd2d32be7a94fea670f0d)] -> xpath: //div[@id='row-0']//span[contains(text(),'Fill')]]>
11:57:02.036 INFO  pageobjects.Login_Page -WebElement is visible using locator: <[[ChromeDriver: chrome on XP (03e0a8d44a1dd2d32be7a94fea670f0d)] -> xpath: //*[@id='price']]>
11:57:02.131 INFO  pageobjects.Login_Page -Successfully Sent the following keys: '8976543' to element: <[[ChromeDriver: chrome on XP (03e0a8d44a1dd2d32be7a94fea670f0d)] -> xpath: //*[@id='price']]>
11:57:02.207 INFO  pageobjects.Login_Page -Successfully clicked on the WebElement: <[[ChromeDriver: chrome on XP (03e0a8d44a1dd2d32be7a94fea670f0d)] -> xpath: //span[normalize-space()='Submit']]>
11:57:04.306 INFO  pageobjects.Login_Page -Successfully clicked on the WebElement: <[[ChromeDriver: chrome on XP (03e0a8d44a1dd2d32be7a94fea670f0d)] -> xpath: //*[@id='column-tradeId']]>
11:57:04.381 INFO  pageobjects.Login_Page -Successfully clicked on the WebElement: <[[ChromeDriver: chrome on XP (03e0a8d44a1dd2d32be7a94fea670f0d)] -> xpath: //*[@id='column-tradeId']]>
11:57:06.486 INFO  pageobjects.Login_Page -Successfully clicked on the WebElement: <[[ChromeDriver: chrome on XP (03e0a8d44a1dd2d32be7a94fea670f0d)] -> xpath: //*[@id='row-0']/div[1]/input]>
11:57:08.583 INFO  pageobjects.Login_Page -Successfully clicked on the WebElement: <[[ChromeDriver: chrome on XP (03e0a8d44a1dd2d32be7a94fea670f0d)] -> xpath: //*[@id='column-trader']]>
11:57:10.678 INFO  pageobjects.Login_Page -Successfully clicked on the WebElement: <[[ChromeDriver: chrome on XP (03e0a8d44a1dd2d32be7a94fea670f0d)] -> xpath: //*[@id='column-instrumentCode']]>
11:57:12.814 INFO  pageobjects.Login_Page -Successfully clicked on the WebElement: <[[ChromeDriver: chrome on XP (03e0a8d44a1dd2d32be7a94fea670f0d)] -> id: row-0]>
11:57:28.905 INFO  utils.DriverFactory -Getting the etrading login page
11:57:28.907 INFO  pageobjects.Login_Page -Navigating to login page
11:57:29.635 INFO  utils.DriverFactory -Entering the username
11:57:29.667 INFO  pageobjects.Login_Page -WebElement is visible using locator: <[[ChromeDriver: chrome on XP (f8aa2e12b511ca8a5c7612dc3e3b3a5d)] -> id: username]>
11:57:29.750 INFO  pageobjects.Login_Page -Successfully Sent the following keys: 'sarith' to element: <[[ChromeDriver: chrome on XP (f8aa2e12b511ca8a5c7612dc3e3b3a5d)] -> id: username]>
11:57:29.750 INFO  utils.DriverFactory -Entering the password
11:57:29.779 INFO  pageobjects.Login_Page -WebElement is visible using locator: <[[ChromeDriver: chrome on XP (f8aa2e12b511ca8a5c7612dc3e3b3a5d)] -> id: password]>
11:57:29.882 INFO  pageobjects.Login_Page -Successfully Sent the following keys: 'password' to element: <[[ChromeDriver: chrome on XP (f8aa2e12b511ca8a5c7612dc3e3b3a5d)] -> id: password]>
11:57:29.883 INFO  utils.DriverFactory -Clicking on the login button
11:57:29.983 INFO  pageobjects.Login_Page -Successfully clicked on the WebElement: <[[ChromeDriver: chrome on XP (f8aa2e12b511ca8a5c7612dc3e3b3a5d)] -> xpath: //div[@id='root']//button]>
11:57:29.985 INFO  pageobjects.Login_Page -
11:57:30.604 INFO  pageobjects.Login_Page -Successfully clicked on the WebElement: <[[ChromeDriver: chrome on XP (f8aa2e12b511ca8a5c7612dc3e3b3a5d)] -> xpath: //span[normalize-space()='New Order']]>
11:57:30.778 INFO  pageobjects.Login_Page -Successfully clicked on the WebElement: <[[ChromeDriver: chrome on XP (f8aa2e12b511ca8a5c7612dc3e3b3a5d)] -> xpath: //li[normalize-space()='Stock']]>
11:57:30.876 INFO  pageobjects.Login_Page -Successfully clicked on the WebElement: <[[ChromeDriver: chrome on XP (f8aa2e12b511ca8a5c7612dc3e3b3a5d)] -> xpath: //*[@id='traderId']]>
11:57:31.001 INFO  pageobjects.Login_Page -Successfully clicked on the WebElement: <[[ChromeDriver: chrome on XP (f8aa2e12b511ca8a5c7612dc3e3b3a5d)] -> xpath: //li[normalize-space()='John Overdeck']]>
11:57:33.089 INFO  pageobjects.Login_Page -Successfully clicked on the WebElement: <[[ChromeDriver: chrome on XP (f8aa2e12b511ca8a5c7612dc3e3b3a5d)] -> xpath: //*[@id='instrumentId']]>
11:57:33.189 INFO  pageobjects.Login_Page -Successfully clicked on the WebElement: <[[ChromeDriver: chrome on XP (f8aa2e12b511ca8a5c7612dc3e3b3a5d)] -> xpath: //li[normalize-space()='IBM']]>
11:57:33.216 INFO  pageobjects.Login_Page -WebElement is visible using locator: <[[ChromeDriver: chrome on XP (f8aa2e12b511ca8a5c7612dc3e3b3a5d)] -> id: quantity]>
11:57:33.310 INFO  pageobjects.Login_Page -Successfully Sent the following keys: '7078' to element: <[[ChromeDriver: chrome on XP (f8aa2e12b511ca8a5c7612dc3e3b3a5d)] -> id: quantity]>
11:57:35.414 INFO  pageobjects.Login_Page -Successfully clicked on the WebElement: <[[ChromeDriver: chrome on XP (f8aa2e12b511ca8a5c7612dc3e3b3a5d)] -> xpath: //div[@role='presentation']//div[4]//div[1]//div[1]//div[1]]>
11:57:35.514 INFO  pageobjects.Login_Page -Successfully clicked on the WebElement: <[[ChromeDriver: chrome on XP (f8aa2e12b511ca8a5c7612dc3e3b3a5d)] -> xpath: //li[normalize-space()='Buy']]>
11:57:37.629 INFO  pageobjects.Login_Page -Successfully clicked on the WebElement: <[[ChromeDriver: chrome on XP (f8aa2e12b511ca8a5c7612dc3e3b3a5d)] -> xpath: //div[5]//div[1]//div[1]//div[1]]>
11:57:37.713 INFO  pageobjects.Login_Page -Successfully clicked on the WebElement: <[[ChromeDriver: chrome on XP (f8aa2e12b511ca8a5c7612dc3e3b3a5d)] -> xpath: //li[normalize-space()='Market']]>
11:57:39.803 INFO  pageobjects.Login_Page -Successfully clicked on the WebElement: <[[ChromeDriver: chrome on XP (f8aa2e12b511ca8a5c7612dc3e3b3a5d)] -> xpath: //button[2]]>
11:57:41.903 INFO  pageobjects.Login_Page -Successfully clicked on the WebElement: <[[ChromeDriver: chrome on XP (f8aa2e12b511ca8a5c7612dc3e3b3a5d)] -> xpath: //*[@id='column-orderId']]>
11:57:41.982 INFO  pageobjects.Login_Page -Successfully clicked on the WebElement: <[[ChromeDriver: chrome on XP (f8aa2e12b511ca8a5c7612dc3e3b3a5d)] -> xpath: //*[@id='column-orderId']]>
11:57:42.079 INFO  pageobjects.Login_Page -Successfully clicked on the WebElement: <[[ChromeDriver: chrome on XP (f8aa2e12b511ca8a5c7612dc3e3b3a5d)] -> xpath: //div[4]//div[1]//div[2]//div[1]//div[1]//div[2]//div[1]//div[1]//input[1]]>
11:57:57.111 ERROR pageobjects.Login_Page -Unable to wait and click on WebElement, Exception: Expected condition failed: waiting for element to be clickable: Proxy element for: DefaultElementLocator 'By.xpath: //div[@id='row-0']//span[contains(text(),'Fill')]' (tried for 15 second(s) with 500 milliseconds interval)
11:57:57.739 INFO  utils.DriverFactory -Getting the etrading login page
11:57:57.739 INFO  pageobjects.Login_Page -Navigating to login page
11:57:57.870 INFO  utils.DriverFactory -Entering the username
11:57:57.897 INFO  pageobjects.Login_Page -WebElement is visible using locator: <[[ChromeDriver: chrome on XP (f8aa2e12b511ca8a5c7612dc3e3b3a5d)] -> id: username]>
11:57:57.975 INFO  pageobjects.Login_Page -Successfully Sent the following keys: 'sarith' to element: <[[ChromeDriver: chrome on XP (f8aa2e12b511ca8a5c7612dc3e3b3a5d)] -> id: username]>
11:57:57.976 INFO  utils.DriverFactory -Entering the password
11:57:58.001 INFO  pageobjects.Login_Page -WebElement is visible using locator: <[[ChromeDriver: chrome on XP (f8aa2e12b511ca8a5c7612dc3e3b3a5d)] -> id: password]>
11:57:58.092 INFO  pageobjects.Login_Page -Successfully Sent the following keys: 'password' to element: <[[ChromeDriver: chrome on XP (f8aa2e12b511ca8a5c7612dc3e3b3a5d)] -> id: password]>
11:57:58.093 INFO  utils.DriverFactory -Clicking on the login button
11:57:58.184 INFO  pageobjects.Login_Page -Successfully clicked on the WebElement: <[[ChromeDriver: chrome on XP (f8aa2e12b511ca8a5c7612dc3e3b3a5d)] -> xpath: //div[@id='root']//button]>
11:57:58.185 INFO  pageobjects.Login_Page -
11:57:58.790 INFO  pageobjects.Login_Page -Successfully clicked on the WebElement: <[[ChromeDriver: chrome on XP (f8aa2e12b511ca8a5c7612dc3e3b3a5d)] -> xpath: //span[normalize-space()='New Order']]>
11:57:58.960 INFO  pageobjects.Login_Page -Successfully clicked on the WebElement: <[[ChromeDriver: chrome on XP (f8aa2e12b511ca8a5c7612dc3e3b3a5d)] -> xpath: //li[normalize-space()='Equity Option']]>
11:57:59.074 INFO  pageobjects.Login_Page -Successfully clicked on the WebElement: <[[ChromeDriver: chrome on XP (f8aa2e12b511ca8a5c7612dc3e3b3a5d)] -> xpath: //*[@id='traderId']]>
11:57:59.691 INFO  pageobjects.Login_Page -Successfully clicked on the WebElement: <[[ChromeDriver: chrome on XP (f8aa2e12b511ca8a5c7612dc3e3b3a5d)] -> xpath: //li[normalize-space()='Ken Griffin']]>
11:58:01.784 INFO  pageobjects.Login_Page -Successfully clicked on the WebElement: <[[ChromeDriver: chrome on XP (f8aa2e12b511ca8a5c7612dc3e3b3a5d)] -> xpath: //*[@id='instrumentId']]>
11:58:02.381 INFO  pageobjects.Login_Page -Successfully clicked on the WebElement: <[[ChromeDriver: chrome on XP (f8aa2e12b511ca8a5c7612dc3e3b3a5d)] -> xpath: //li[normalize-space()='MSFT']]>
11:58:02.406 INFO  pageobjects.Login_Page -WebElement is visible using locator: <[[ChromeDriver: chrome on XP (f8aa2e12b511ca8a5c7612dc3e3b3a5d)] -> id: quantity]>
11:58:02.494 INFO  pageobjects.Login_Page -Successfully Sent the following keys: '7078' to element: <[[ChromeDriver: chrome on XP (f8aa2e12b511ca8a5c7612dc3e3b3a5d)] -> id: quantity]>
11:58:04.600 INFO  pageobjects.Login_Page -Successfully clicked on the WebElement: <[[ChromeDriver: chrome on XP (f8aa2e12b511ca8a5c7612dc3e3b3a5d)] -> xpath: //div[@role='presentation']//div[4]//div[1]//div[1]//div[1]]>
11:58:04.684 INFO  pageobjects.Login_Page -Successfully clicked on the WebElement: <[[ChromeDriver: chrome on XP (f8aa2e12b511ca8a5c7612dc3e3b3a5d)] -> xpath: //li[normalize-space()='Sell']]>
11:58:06.782 INFO  pageobjects.Login_Page -Successfully clicked on the WebElement: <[[ChromeDriver: chrome on XP (f8aa2e12b511ca8a5c7612dc3e3b3a5d)] -> xpath: //div[5]//div[1]//div[1]//div[1]]>
11:58:07.381 INFO  pageobjects.Login_Page -Successfully clicked on the WebElement: <[[ChromeDriver: chrome on XP (f8aa2e12b511ca8a5c7612dc3e3b3a5d)] -> xpath: //li[normalize-space()='Limit']]>
11:58:09.460 INFO  pageobjects.Login_Page -Successfully clicked on the WebElement: <[[ChromeDriver: chrome on XP (f8aa2e12b511ca8a5c7612dc3e3b3a5d)] -> xpath: //button[2]]>
11:58:11.563 INFO  pageobjects.Login_Page -Successfully clicked on the WebElement: <[[ChromeDriver: chrome on XP (f8aa2e12b511ca8a5c7612dc3e3b3a5d)] -> xpath: //*[@id='column-orderId']]>
11:58:11.647 INFO  pageobjects.Login_Page -Successfully clicked on the WebElement: <[[ChromeDriver: chrome on XP (f8aa2e12b511ca8a5c7612dc3e3b3a5d)] -> xpath: //*[@id='column-orderId']]>
11:58:11.735 INFO  pageobjects.Login_Page -Successfully clicked on the WebElement: <[[ChromeDriver: chrome on XP (f8aa2e12b511ca8a5c7612dc3e3b3a5d)] -> xpath: //div[4]//div[1]//div[2]//div[1]//div[1]//div[2]//div[1]//div[1]//input[1]]>
11:58:11.899 INFO  pageobjects.Login_Page -Successfully clicked on the WebElement: <[[ChromeDriver: chrome on XP (f8aa2e12b511ca8a5c7612dc3e3b3a5d)] -> xpath: //div[@id='row-0']//span[contains(text(),'Fill')]]>
11:58:11.925 INFO  pageobjects.Login_Page -WebElement is visible using locator: <[[ChromeDriver: chrome on XP (f8aa2e12b511ca8a5c7612dc3e3b3a5d)] -> xpath: //*[@id='price']]>
11:58:12.019 INFO  pageobjects.Login_Page -Successfully Sent the following keys: '8976543' to element: <[[ChromeDriver: chrome on XP (f8aa2e12b511ca8a5c7612dc3e3b3a5d)] -> xpath: //*[@id='price']]>
11:58:12.112 INFO  pageobjects.Login_Page -Successfully clicked on the WebElement: <[[ChromeDriver: chrome on XP (f8aa2e12b511ca8a5c7612dc3e3b3a5d)] -> xpath: //span[normalize-space()='Submit']]>
11:58:14.199 INFO  pageobjects.Login_Page -Successfully clicked on the WebElement: <[[ChromeDriver: chrome on XP (f8aa2e12b511ca8a5c7612dc3e3b3a5d)] -> xpath: //*[@id='column-tradeId']]>
11:58:14.280 INFO  pageobjects.Login_Page -Successfully clicked on the WebElement: <[[ChromeDriver: chrome on XP (f8aa2e12b511ca8a5c7612dc3e3b3a5d)] -> xpath: //*[@id='column-tradeId']]>
11:58:16.378 INFO  pageobjects.Login_Page -Successfully clicked on the WebElement: <[[ChromeDriver: chrome on XP (f8aa2e12b511ca8a5c7612dc3e3b3a5d)] -> xpath: //*[@id='row-0']/div[1]/input]>
11:58:18.471 INFO  pageobjects.Login_Page -Successfully clicked on the WebElement: <[[ChromeDriver: chrome on XP (f8aa2e12b511ca8a5c7612dc3e3b3a5d)] -> xpath: //*[@id='column-trader']]>
11:58:20.554 INFO  pageobjects.Login_Page -Successfully clicked on the WebElement: <[[ChromeDriver: chrome on XP (f8aa2e12b511ca8a5c7612dc3e3b3a5d)] -> xpath: //*[@id='column-instrumentCode']]>
11:58:22.695 INFO  pageobjects.Login_Page -Successfully clicked on the WebElement: <[[ChromeDriver: chrome on XP (f8aa2e12b511ca8a5c7612dc3e3b3a5d)] -> id: row-0]>
